<?xml version="1.0" encoding="UTF-8"?>
<coverage generated="1776518307563" clover="3.2.0">
  <project timestamp="1776518307563" name="All files">
    <metrics statements="531" coveredstatements="236" conditionals="92" coveredconditionals="81" methods="38" coveredmethods="32" elements="661" coveredelements="349" complexity="0" loc="531" ncloc="531" packages="2" files="16" classes="16"/>
    <package name="composables">
      <metrics statements="519" coveredstatements="224" conditionals="87" coveredconditionals="79" methods="38" coveredmethods="32"/>
      <file name="useAssist.ts" path="/Users/vitormatos/work/02_personnel/colloquia-poc-2026/apps/web/app/composables/useAssist.ts">
        <metrics statements="61" coveredstatements="51" conditionals="15" coveredconditionals="12" methods="3" coveredmethods="3"/>
        <line num="1" count="1" type="cond" truecount="1" falsecount="0"/>
        <line num="2" count="12" type="stmt"/>
        <line num="4" count="12" type="stmt"/>
        <line num="5" count="12" type="stmt"/>
        <line num="6" count="12" type="stmt"/>
        <line num="7" count="12" type="stmt"/>
        <line num="9" count="12" type="cond" truecount="1" falsecount="0"/>
        <line num="10" count="1" type="cond" truecount="0" falsecount="1"/>
        <line num="11" count="0" type="stmt"/>
        <line num="12" count="0" type="stmt"/>
        <line num="13" count="0" type="stmt"/>
        <line num="14" count="1" type="cond" truecount="0" falsecount="1"/>
        <line num="15" count="0" type="stmt"/>
        <line num="16" count="0" type="stmt"/>
        <line num="17" count="0" type="stmt"/>
        <line num="18" count="1" type="stmt"/>
        <line num="19" count="1" type="stmt"/>
        <line num="20" count="1" type="stmt"/>
        <line num="22" count="12" type="cond" truecount="1" falsecount="0"/>
        <line num="23" count="12" type="cond" truecount="1" falsecount="0"/>
        <line num="24" count="1" type="stmt"/>
        <line num="25" count="1" type="stmt"/>
        <line num="26" count="1" type="stmt"/>
        <line num="28" count="12" type="cond" truecount="1" falsecount="0"/>
        <line num="29" count="3" type="stmt"/>
        <line num="30" count="3" type="stmt"/>
        <line num="31" count="3" type="stmt"/>
        <line num="32" count="3" type="cond" truecount="1" falsecount="0"/>
        <line num="34" count="9" type="cond" truecount="1" falsecount="0"/>
        <line num="35" count="8" type="stmt"/>
        <line num="38" count="8" type="cond" truecount="0" falsecount="1"/>
        <line num="39" count="0" type="stmt"/>
        <line num="40" count="0" type="stmt"/>
        <line num="41" count="8" type="stmt"/>
        <line num="44" count="8" type="stmt"/>
        <line num="46" count="8" type="stmt"/>
        <line num="47" count="8" type="stmt"/>
        <line num="48" count="8" type="stmt"/>
        <line num="49" count="8" type="stmt"/>
        <line num="50" count="8" type="stmt"/>
        <line num="51" count="8" type="stmt"/>
        <line num="52" count="8" type="cond" truecount="1" falsecount="0"/>
        <line num="53" count="8" type="cond" truecount="1" falsecount="0"/>
        <line num="54" count="8" type="cond" truecount="1" falsecount="0"/>
        <line num="55" count="2" type="stmt"/>
        <line num="57" count="2" type="cond" truecount="1" falsecount="0"/>
        <line num="58" count="1" type="stmt"/>
        <line num="59" count="1" type="cond" truecount="1" falsecount="0"/>
        <line num="60" count="8" type="stmt"/>
        <line num="61" count="8" type="stmt"/>
        <line num="62" count="8" type="stmt"/>
        <line num="63" count="8" type="stmt"/>
        <line num="64" count="8" type="stmt"/>
        <line num="65" count="9" type="stmt"/>
        <line num="66" count="12" type="stmt"/>
        <line num="68" count="12" type="stmt"/>
        <line num="69" count="0" type="stmt"/>
        <line num="70" count="0" type="stmt"/>
        <line num="71" count="12" type="stmt"/>
        <line num="73" count="12" type="stmt"/>
        <line num="74" count="12" type="stmt"/>
      </file>
      <file name="useAuth.ts" path="/Users/vitormatos/work/02_personnel/colloquia-poc-2026/apps/web/app/composables/useAuth.ts">
        <metrics statements="66" coveredstatements="66" conditionals="18" coveredconditionals="18" methods="7" coveredmethods="7"/>
        <line num="3" count="1" type="cond" truecount="1" falsecount="0"/>
        <line num="4" count="60" type="cond" truecount="1" falsecount="0"/>
        <line num="5" count="8" type="stmt"/>
        <line num="6" count="8" type="stmt"/>
        <line num="7" count="8" type="stmt"/>
        <line num="8" count="60" type="stmt"/>
        <line num="10" count="60" type="cond" truecount="1" falsecount="0"/>
        <line num="12" count="60" type="cond" truecount="1" falsecount="0"/>
        <line num="13" count="4" type="cond" truecount="2" falsecount="0"/>
        <line num="14" count="3" type="stmt"/>
        <line num="15" count="4" type="cond" truecount="2" falsecount="0"/>
        <line num="16" count="2" type="stmt"/>
        <line num="17" count="4" type="cond" truecount="2" falsecount="0"/>
        <line num="18" count="60" type="stmt"/>
        <line num="20" count="60" type="cond" truecount="1" falsecount="0"/>
        <line num="21" count="1" type="stmt"/>
        <line num="22" count="1" type="stmt"/>
        <line num="23" count="1" type="stmt"/>
        <line num="24" count="1" type="stmt"/>
        <line num="25" count="1" type="stmt"/>
        <line num="26" count="1" type="stmt"/>
        <line num="27" count="1" type="stmt"/>
        <line num="29" count="60" type="cond" truecount="1" falsecount="0"/>
        <line num="30" count="2" type="stmt"/>
        <line num="31" count="2" type="stmt"/>
        <line num="32" count="2" type="stmt"/>
        <line num="33" count="2" type="cond" truecount="1" falsecount="0"/>
        <line num="34" count="1" type="stmt"/>
        <line num="35" count="1" type="stmt"/>
        <line num="36" count="2" type="stmt"/>
        <line num="38" count="60" type="cond" truecount="1" falsecount="0"/>
        <line num="39" count="1" type="stmt"/>
        <line num="40" count="1" type="stmt"/>
        <line num="41" count="1" type="stmt"/>
        <line num="42" count="1" type="stmt"/>
        <line num="43" count="1" type="stmt"/>
        <line num="44" count="1" type="stmt"/>
        <line num="46" count="60" type="cond" truecount="1" falsecount="0"/>
        <line num="47" count="9" type="stmt"/>
        <line num="48" count="9" type="stmt"/>
        <line num="49" count="9" type="cond" truecount="1" falsecount="0"/>
        <line num="50" count="1" type="stmt"/>
        <line num="51" count="1" type="stmt"/>
        <line num="52" count="9" type="stmt"/>
        <line num="54" count="60" type="cond" truecount="1" falsecount="0"/>
        <line num="55" count="1" type="stmt"/>
        <line num="56" count="1" type="stmt"/>
        <line num="57" count="1" type="stmt"/>
        <line num="58" count="1" type="stmt"/>
        <line num="60" count="60" type="cond" truecount="1" falsecount="0"/>
        <line num="61" count="1" type="stmt"/>
        <line num="62" count="1" type="stmt"/>
        <line num="63" count="1" type="stmt"/>
        <line num="64" count="1" type="stmt"/>
        <line num="66" count="60" type="stmt"/>
        <line num="67" count="60" type="stmt"/>
        <line num="68" count="60" type="stmt"/>
        <line num="69" count="60" type="stmt"/>
        <line num="70" count="60" type="stmt"/>
        <line num="71" count="60" type="stmt"/>
        <line num="72" count="60" type="stmt"/>
        <line num="73" count="60" type="stmt"/>
        <line num="74" count="60" type="stmt"/>
        <line num="75" count="60" type="stmt"/>
        <line num="76" count="60" type="stmt"/>
        <line num="77" count="60" type="stmt"/>
      </file>
      <file name="useAuthFetch.ts" path="/Users/vitormatos/work/02_personnel/colloquia-poc-2026/apps/web/app/composables/useAuthFetch.ts">
        <metrics statements="28" coveredstatements="28" conditionals="7" coveredconditionals="7" methods="3" coveredmethods="3"/>
        <line num="1" count="1" type="cond" truecount="1" falsecount="0"/>
        <line num="2" count="7" type="stmt"/>
        <line num="4" count="7" type="cond" truecount="1" falsecount="0"/>
        <line num="5" count="7" type="cond" truecount="1" falsecount="0"/>
        <line num="6" count="8" type="stmt"/>
        <line num="7" count="8" type="stmt"/>
        <line num="8" count="8" type="stmt"/>
        <line num="9" count="8" type="stmt"/>
        <line num="10" count="8" type="stmt"/>
        <line num="11" count="8" type="stmt"/>
        <line num="12" count="8" type="stmt"/>
        <line num="14" count="7" type="stmt"/>
        <line num="15" count="7" type="stmt"/>
        <line num="16" count="7" type="cond" truecount="1" falsecount="0"/>
        <line num="17" count="3" type="cond" truecount="1" falsecount="0"/>
        <line num="18" count="2" type="stmt"/>
        <line num="19" count="2" type="cond" truecount="1" falsecount="0"/>
        <line num="20" count="1" type="stmt"/>
        <line num="21" count="1" type="stmt"/>
        <line num="22" count="1" type="stmt"/>
        <line num="23" count="1" type="stmt"/>
        <line num="24" count="1" type="stmt"/>
        <line num="25" count="2" type="cond" truecount="1" falsecount="0"/>
        <line num="26" count="1" type="stmt"/>
        <line num="27" count="1" type="stmt"/>
        <line num="28" count="7" type="stmt"/>
        <line num="30" count="7" type="stmt"/>
        <line num="31" count="7" type="stmt"/>
      </file>
      <file name="useChannels.ts" path="/Users/vitormatos/work/02_personnel/colloquia-poc-2026/apps/web/app/composables/useChannels.ts">
        <metrics statements="55" coveredstatements="1" conditionals="0" coveredconditionals="0" methods="1" coveredmethods="0"/>
        <line num="3" count="1" type="stmt"/>
        <line num="4" count="0" type="stmt"/>
        <line num="5" count="0" type="stmt"/>
        <line num="7" count="0" type="stmt"/>
        <line num="8" count="0" type="stmt"/>
        <line num="9" count="0" type="stmt"/>
        <line num="11" count="0" type="stmt"/>
        <line num="12" count="0" type="stmt"/>
        <line num="13" count="0" type="stmt"/>
        <line num="14" count="0" type="stmt"/>
        <line num="15" count="0" type="stmt"/>
        <line num="16" count="0" type="stmt"/>
        <line num="17" count="0" type="stmt"/>
        <line num="18" count="0" type="stmt"/>
        <line num="20" count="0" type="stmt"/>
        <line num="21" count="0" type="stmt"/>
        <line num="22" count="0" type="stmt"/>
        <line num="23" count="0" type="stmt"/>
        <line num="24" count="0" type="stmt"/>
        <line num="25" count="0" type="stmt"/>
        <line num="26" count="0" type="stmt"/>
        <line num="27" count="0" type="stmt"/>
        <line num="28" count="0" type="stmt"/>
        <line num="29" count="0" type="stmt"/>
        <line num="31" count="0" type="stmt"/>
        <line num="32" count="0" type="stmt"/>
        <line num="33" count="0" type="stmt"/>
        <line num="34" count="0" type="stmt"/>
        <line num="36" count="0" type="stmt"/>
        <line num="37" count="0" type="stmt"/>
        <line num="38" count="0" type="stmt"/>
        <line num="40" count="0" type="stmt"/>
        <line num="41" count="0" type="stmt"/>
        <line num="42" count="0" type="stmt"/>
        <line num="44" count="0" type="stmt"/>
        <line num="45" count="0" type="stmt"/>
        <line num="46" count="0" type="stmt"/>
        <line num="47" count="0" type="stmt"/>
        <line num="48" count="0" type="stmt"/>
        <line num="49" count="0" type="stmt"/>
        <line num="51" count="0" type="stmt"/>
        <line num="52" count="0" type="stmt"/>
        <line num="53" count="0" type="stmt"/>
        <line num="55" count="0" type="stmt"/>
        <line num="56" count="0" type="stmt"/>
        <line num="57" count="0" type="stmt"/>
        <line num="58" count="0" type="stmt"/>
        <line num="59" count="0" type="stmt"/>
        <line num="60" count="0" type="stmt"/>
        <line num="61" count="0" type="stmt"/>
        <line num="62" count="0" type="stmt"/>
        <line num="63" count="0" type="stmt"/>
        <line num="64" count="0" type="stmt"/>
        <line num="65" count="0" type="stmt"/>
        <line num="66" count="0" type="stmt"/>
      </file>
      <file name="useDMPeers.ts" path="/Users/vitormatos/work/02_personnel/colloquia-poc-2026/apps/web/app/composables/useDMPeers.ts">
        <metrics statements="12" coveredstatements="12" conditionals="7" coveredconditionals="7" methods="3" coveredmethods="3"/>
        <line num="1" count="1" type="cond" truecount="1" falsecount="0"/>
        <line num="2" count="18" type="stmt"/>
        <line num="3" count="18" type="cond" truecount="1" falsecount="0"/>
        <line num="5" count="18" type="cond" truecount="1" falsecount="0"/>
        <line num="6" count="9" type="cond" truecount="1" falsecount="0"/>
        <line num="7" count="9" type="cond" truecount="1" falsecount="0"/>
        <line num="8" count="9" type="stmt"/>
        <line num="10" count="18" type="cond" truecount="1" falsecount="0"/>
        <line num="11" count="6" type="cond" truecount="1" falsecount="0"/>
        <line num="12" count="6" type="stmt"/>
        <line num="14" count="18" type="stmt"/>
        <line num="15" count="18" type="stmt"/>
      </file>
      <file name="useIsMobile.ts" path="/Users/vitormatos/work/02_personnel/colloquia-poc-2026/apps/web/app/composables/useIsMobile.ts">
        <metrics statements="11" coveredstatements="0" conditionals="1" coveredconditionals="0" methods="1" coveredmethods="0"/>
        <line num="1" count="0" type="cond" truecount="0" falsecount="1"/>
        <line num="2" count="0" type="stmt"/>
        <line num="3" count="0" type="stmt"/>
        <line num="4" count="0" type="stmt"/>
        <line num="5" count="0" type="stmt"/>
        <line num="6" count="0" type="stmt"/>
        <line num="7" count="0" type="stmt"/>
        <line num="8" count="0" type="stmt"/>
        <line num="9" count="0" type="stmt"/>
        <line num="10" count="0" type="stmt"/>
        <line num="11" count="0" type="stmt"/>
      </file>
      <file name="useLocale.ts" path="/Users/vitormatos/work/02_personnel/colloquia-poc-2026/apps/web/app/composables/useLocale.ts">
        <metrics statements="30" coveredstatements="0" conditionals="1" coveredconditionals="0" methods="1" coveredmethods="0"/>
        <line num="1" count="0" type="cond" truecount="0" falsecount="1"/>
        <line num="3" count="0" type="stmt"/>
        <line num="4" count="0" type="stmt"/>
        <line num="5" count="0" type="stmt"/>
        <line num="6" count="0" type="stmt"/>
        <line num="8" count="0" type="stmt"/>
        <line num="9" count="0" type="stmt"/>
        <line num="10" count="0" type="stmt"/>
        <line num="11" count="0" type="stmt"/>
        <line num="12" count="0" type="stmt"/>
        <line num="13" count="0" type="stmt"/>
        <line num="15" count="0" type="stmt"/>
        <line num="17" count="0" type="stmt"/>
        <line num="20" count="0" type="stmt"/>
        <line num="21" count="0" type="stmt"/>
        <line num="22" count="0" type="stmt"/>
        <line num="25" count="0" type="stmt"/>
        <line num="26" count="0" type="stmt"/>
        <line num="27" count="0" type="stmt"/>
        <line num="28" count="0" type="stmt"/>
        <line num="29" count="0" type="stmt"/>
        <line num="30" count="0" type="stmt"/>
        <line num="31" count="0" type="stmt"/>
        <line num="32" count="0" type="stmt"/>
        <line num="34" count="0" type="stmt"/>
        <line num="35" count="0" type="stmt"/>
        <line num="36" count="0" type="stmt"/>
        <line num="37" count="0" type="stmt"/>
        <line num="38" count="0" type="stmt"/>
        <line num="39" count="0" type="stmt"/>
      </file>
      <file name="useMessageStore.ts" path="/Users/vitormatos/work/02_personnel/colloquia-poc-2026/apps/web/app/composables/useMessageStore.ts">
        <metrics statements="36" coveredstatements="22" conditionals="15" coveredconditionals="13" methods="7" coveredmethods="5"/>
        <line num="12" count="0" type="stmt"/>
        <line num="13" count="0" type="stmt"/>
        <line num="14" count="0" type="stmt"/>
        <line num="16" count="1" type="stmt"/>
        <line num="17" count="0" type="stmt"/>
        <line num="18" count="0" type="stmt"/>
        <line num="19" count="0" type="stmt"/>
        <line num="20" count="0" type="stmt"/>
        <line num="21" count="0" type="stmt"/>
        <line num="22" count="0" type="stmt"/>
        <line num="23" count="0" type="stmt"/>
        <line num="24" count="0" type="stmt"/>
        <line num="26" count="1" type="cond" truecount="1" falsecount="0"/>
        <line num="27" count="6" type="cond" truecount="1" falsecount="0"/>
        <line num="29" count="6" type="cond" truecount="1" falsecount="0"/>
        <line num="30" count="7" type="cond" truecount="1" falsecount="0"/>
        <line num="31" count="7" type="stmt"/>
        <line num="35" count="6" type="cond" truecount="1" falsecount="0"/>
        <line num="36" count="1" type="cond" truecount="0" falsecount="1"/>
        <line num="37" count="1" type="cond" truecount="1" falsecount="0"/>
        <line num="38" count="1" type="cond" truecount="1" falsecount="0"/>
        <line num="39" count="1" type="stmt"/>
        <line num="40" count="1" type="stmt"/>
        <line num="42" count="6" type="cond" truecount="1" falsecount="0"/>
        <line num="43" count="5" type="cond" truecount="1" falsecount="0"/>
        <line num="44" count="5" type="cond" truecount="3" falsecount="0"/>
        <line num="45" count="4" type="stmt"/>
        <line num="46" count="5" type="stmt"/>
        <line num="48" count="6" type="cond" truecount="1" falsecount="0"/>
        <line num="49" count="1" type="cond" truecount="0" falsecount="1"/>
        <line num="50" count="0" type="stmt"/>
        <line num="51" count="0" type="stmt"/>
        <line num="52" count="0" type="stmt"/>
        <line num="53" count="1" type="stmt"/>
        <line num="55" count="6" type="stmt"/>
        <line num="56" count="6" type="stmt"/>
      </file>
      <file name="useMessaging.ts" path="/Users/vitormatos/work/02_personnel/colloquia-poc-2026/apps/web/app/composables/useMessaging.ts">
        <metrics statements="22" coveredstatements="22" conditionals="5" coveredconditionals="5" methods="3" coveredmethods="3"/>
        <line num="9" count="1" type="cond" truecount="1" falsecount="0"/>
        <line num="10" count="9" type="stmt"/>
        <line num="12" count="9" type="cond" truecount="1" falsecount="0"/>
        <line num="13" count="6" type="stmt"/>
        <line num="14" count="6" type="stmt"/>
        <line num="15" count="6" type="stmt"/>
        <line num="16" count="6" type="stmt"/>
        <line num="17" count="6" type="stmt"/>
        <line num="18" count="6" type="cond" truecount="1" falsecount="0"/>
        <line num="19" count="6" type="stmt"/>
        <line num="20" count="6" type="cond" truecount="1" falsecount="0"/>
        <line num="22" count="6" type="stmt"/>
        <line num="23" count="6" type="stmt"/>
        <line num="24" count="6" type="stmt"/>
        <line num="26" count="9" type="cond" truecount="1" falsecount="0"/>
        <line num="27" count="3" type="stmt"/>
        <line num="28" count="3" type="stmt"/>
        <line num="29" count="3" type="stmt"/>
        <line num="30" count="3" type="stmt"/>
        <line num="31" count="3" type="stmt"/>
        <line num="33" count="9" type="stmt"/>
        <line num="34" count="9" type="stmt"/>
      </file>
      <file name="useNotifications.ts" path="/Users/vitormatos/work/02_personnel/colloquia-poc-2026/apps/web/app/composables/useNotifications.ts">
        <metrics statements="22" coveredstatements="22" conditionals="14" coveredconditionals="14" methods="5" coveredmethods="5"/>
        <line num="11" count="1" type="cond" truecount="1" falsecount="0"/>
        <line num="12" count="6" type="cond" truecount="1" falsecount="0"/>
        <line num="14" count="6" type="cond" truecount="1" falsecount="0"/>
        <line num="15" count="2" type="cond" truecount="2" falsecount="0"/>
        <line num="16" count="6" type="stmt"/>
        <line num="18" count="6" type="cond" truecount="1" falsecount="0"/>
        <line num="19" count="12" type="stmt"/>
        <line num="20" count="12" type="stmt"/>
        <line num="22" count="6" type="cond" truecount="1" falsecount="0"/>
        <line num="23" count="1" type="cond" truecount="1" falsecount="0"/>
        <line num="24" count="1" type="stmt"/>
        <line num="26" count="6" type="cond" truecount="1" falsecount="0"/>
        <line num="27" count="1" type="cond" truecount="1" falsecount="0"/>
        <line num="28" count="1" type="stmt"/>
        <line num="29" count="1" type="stmt"/>
        <line num="31" count="6" type="cond" truecount="1" falsecount="0"/>
        <line num="32" count="1" type="cond" truecount="1" falsecount="0"/>
        <line num="33" count="2" type="cond" truecount="2" falsecount="0"/>
        <line num="34" count="1" type="stmt"/>
        <line num="35" count="1" type="stmt"/>
        <line num="37" count="6" type="stmt"/>
        <line num="38" count="6" type="stmt"/>
      </file>
      <file name="usePresence.ts" path="/Users/vitormatos/work/02_personnel/colloquia-poc-2026/apps/web/app/composables/usePresence.ts">
        <metrics statements="70" coveredstatements="0" conditionals="1" coveredconditionals="1" methods="1" coveredmethods="1"/>
        <line num="7" count="0" type="stmt"/>
        <line num="8" count="0" type="stmt"/>
        <line num="9" count="0" type="stmt"/>
        <line num="11" count="0" type="stmt"/>
        <line num="12" count="0" type="stmt"/>
        <line num="13" count="0" type="stmt"/>
        <line num="14" count="0" type="stmt"/>
        <line num="16" count="0" type="stmt"/>
        <line num="18" count="0" type="stmt"/>
        <line num="19" count="0" type="stmt"/>
        <line num="21" count="0" type="stmt"/>
        <line num="22" count="0" type="stmt"/>
        <line num="24" count="0" type="stmt"/>
        <line num="25" count="0" type="stmt"/>
        <line num="26" count="0" type="stmt"/>
        <line num="27" count="0" type="stmt"/>
        <line num="28" count="0" type="stmt"/>
        <line num="29" count="0" type="stmt"/>
        <line num="31" count="0" type="stmt"/>
        <line num="32" count="0" type="stmt"/>
        <line num="34" count="0" type="stmt"/>
        <line num="35" count="0" type="stmt"/>
        <line num="36" count="0" type="stmt"/>
        <line num="37" count="0" type="stmt"/>
        <line num="38" count="0" type="stmt"/>
        <line num="39" count="0" type="stmt"/>
        <line num="40" count="0" type="stmt"/>
        <line num="41" count="0" type="stmt"/>
        <line num="43" count="0" type="stmt"/>
        <line num="44" count="0" type="stmt"/>
        <line num="45" count="0" type="stmt"/>
        <line num="46" count="0" type="stmt"/>
        <line num="47" count="0" type="stmt"/>
        <line num="48" count="0" type="stmt"/>
        <line num="49" count="0" type="stmt"/>
        <line num="50" count="0" type="stmt"/>
        <line num="52" count="0" type="stmt"/>
        <line num="53" count="0" type="stmt"/>
        <line num="54" count="0" type="stmt"/>
        <line num="55" count="0" type="stmt"/>
        <line num="56" count="0" type="stmt"/>
        <line num="58" count="0" type="stmt"/>
        <line num="59" count="0" type="stmt"/>
        <line num="60" count="0" type="stmt"/>
        <line num="61" count="0" type="stmt"/>
        <line num="62" count="0" type="stmt"/>
        <line num="63" count="0" type="stmt"/>
        <line num="65" count="0" type="stmt"/>
        <line num="66" count="0" type="stmt"/>
        <line num="67" count="0" type="stmt"/>
        <line num="68" count="0" type="stmt"/>
        <line num="69" count="0" type="stmt"/>
        <line num="70" count="0" type="stmt"/>
        <line num="71" count="0" type="stmt"/>
        <line num="72" count="0" type="stmt"/>
        <line num="74" count="0" type="stmt"/>
        <line num="75" count="0" type="stmt"/>
        <line num="77" count="0" type="stmt"/>
        <line num="78" count="0" type="stmt"/>
        <line num="79" count="0" type="stmt"/>
        <line num="81" count="0" type="stmt"/>
        <line num="82" count="0" type="stmt"/>
        <line num="83" count="0" type="stmt"/>
        <line num="84" count="0" type="stmt"/>
        <line num="86" count="0" type="stmt"/>
        <line num="87" count="0" type="stmt"/>
        <line num="88" count="0" type="stmt"/>
        <line num="89" count="0" type="stmt"/>
        <line num="91" count="0" type="stmt"/>
        <line num="92" count="0" type="stmt"/>
      </file>
      <file name="useSSE.ts" path="/Users/vitormatos/work/02_personnel/colloquia-poc-2026/apps/web/app/composables/useSSE.ts">
        <metrics statements="55" coveredstatements="0" conditionals="1" coveredconditionals="1" methods="1" coveredmethods="1"/>
        <line num="9" count="0" type="stmt"/>
        <line num="10" count="0" type="stmt"/>
        <line num="14" count="0" type="stmt"/>
        <line num="17" count="0" type="stmt"/>
        <line num="18" count="0" type="stmt"/>
        <line num="20" count="0" type="stmt"/>
        <line num="21" count="0" type="stmt"/>
        <line num="22" count="0" type="stmt"/>
        <line num="23" count="0" type="stmt"/>
        <line num="25" count="0" type="stmt"/>
        <line num="27" count="0" type="stmt"/>
        <line num="28" count="0" type="stmt"/>
        <line num="30" count="0" type="stmt"/>
        <line num="31" count="0" type="stmt"/>
        <line num="32" count="0" type="stmt"/>
        <line num="34" count="0" type="stmt"/>
        <line num="36" count="0" type="stmt"/>
        <line num="37" count="0" type="stmt"/>
        <line num="38" count="0" type="stmt"/>
        <line num="39" count="0" type="stmt"/>
        <line num="40" count="0" type="stmt"/>
        <line num="41" count="0" type="stmt"/>
        <line num="43" count="0" type="stmt"/>
        <line num="44" count="0" type="stmt"/>
        <line num="46" count="0" type="stmt"/>
        <line num="47" count="0" type="stmt"/>
        <line num="48" count="0" type="stmt"/>
        <line num="49" count="0" type="stmt"/>
        <line num="50" count="0" type="stmt"/>
        <line num="51" count="0" type="stmt"/>
        <line num="52" count="0" type="stmt"/>
        <line num="53" count="0" type="stmt"/>
        <line num="55" count="0" type="stmt"/>
        <line num="56" count="0" type="stmt"/>
        <line num="57" count="0" type="stmt"/>
        <line num="58" count="0" type="stmt"/>
        <line num="59" count="0" type="stmt"/>
        <line num="60" count="0" type="stmt"/>
        <line num="61" count="0" type="stmt"/>
        <line num="62" count="0" type="stmt"/>
        <line num="64" count="0" type="stmt"/>
        <line num="65" count="0" type="stmt"/>
        <line num="66" count="0" type="stmt"/>
        <line num="67" count="0" type="stmt"/>
        <line num="69" count="0" type="stmt"/>
        <line num="71" count="0" type="stmt"/>
        <line num="72" count="0" type="stmt"/>
        <line num="73" count="0" type="stmt"/>
        <line num="74" count="0" type="stmt"/>
        <line num="76" count="0" type="stmt"/>
        <line num="77" count="0" type="stmt"/>
        <line num="78" count="0" type="stmt"/>
        <line num="79" count="0" type="stmt"/>
        <line num="81" count="0" type="stmt"/>
        <line num="82" count="0" type="stmt"/>
      </file>
      <file name="useTokenRefresh.ts" path="/Users/vitormatos/work/02_personnel/colloquia-poc-2026/apps/web/app/composables/useTokenRefresh.ts">
        <metrics statements="23" coveredstatements="0" conditionals="1" coveredconditionals="0" methods="1" coveredmethods="0"/>
        <line num="1" count="0" type="cond" truecount="0" falsecount="1"/>
        <line num="2" count="0" type="stmt"/>
        <line num="3" count="0" type="stmt"/>
        <line num="5" count="0" type="stmt"/>
        <line num="6" count="0" type="stmt"/>
        <line num="7" count="0" type="stmt"/>
        <line num="8" count="0" type="stmt"/>
        <line num="9" count="0" type="stmt"/>
        <line num="10" count="0" type="stmt"/>
        <line num="12" count="0" type="stmt"/>
        <line num="13" count="0" type="stmt"/>
        <line num="15" count="0" type="stmt"/>
        <line num="16" count="0" type="stmt"/>
        <line num="17" count="0" type="stmt"/>
        <line num="18" count="0" type="stmt"/>
        <line num="20" count="0" type="stmt"/>
        <line num="21" count="0" type="stmt"/>
        <line num="22" count="0" type="stmt"/>
        <line num="24" count="0" type="stmt"/>
        <line num="26" count="0" type="stmt"/>
        <line num="27" count="0" type="stmt"/>
        <line num="28" count="0" type="stmt"/>
        <line num="29" count="0" type="stmt"/>
      </file>
      <file name="useUsersCache.ts" path="/Users/vitormatos/work/02_personnel/colloquia-poc-2026/apps/web/app/composables/useUsersCache.ts">
        <metrics statements="28" coveredstatements="0" conditionals="1" coveredconditionals="1" methods="1" coveredmethods="1"/>
        <line num="7" count="0" type="stmt"/>
        <line num="8" count="0" type="stmt"/>
        <line num="9" count="0" type="stmt"/>
        <line num="10" count="0" type="stmt"/>
        <line num="12" count="0" type="stmt"/>
        <line num="13" count="0" type="stmt"/>
        <line num="14" count="0" type="stmt"/>
        <line num="15" count="0" type="stmt"/>
        <line num="16" count="0" type="stmt"/>
        <line num="17" count="0" type="stmt"/>
        <line num="18" count="0" type="stmt"/>
        <line num="19" count="0" type="stmt"/>
        <line num="20" count="0" type="stmt"/>
        <line num="21" count="0" type="stmt"/>
        <line num="22" count="0" type="stmt"/>
        <line num="23" count="0" type="stmt"/>
        <line num="25" count="0" type="stmt"/>
        <line num="26" count="0" type="stmt"/>
        <line num="27" count="0" type="stmt"/>
        <line num="28" count="0" type="stmt"/>
        <line num="30" count="0" type="stmt"/>
        <line num="31" count="0" type="stmt"/>
        <line num="32" count="0" type="stmt"/>
        <line num="33" count="0" type="stmt"/>
        <line num="34" count="0" type="stmt"/>
        <line num="35" count="0" type="stmt"/>
        <line num="37" count="0" type="stmt"/>
        <line num="38" count="0" type="stmt"/>
      </file>
    </package>
    <package name="middleware">
      <metrics statements="12" coveredstatements="12" conditionals="5" coveredconditionals="2" methods="0" coveredmethods="0"/>
      <file name="auth.ts" path="/Users/vitormatos/work/02_personnel/colloquia-poc-2026/apps/web/app/middleware/auth.ts">
        <metrics statements="6" coveredstatements="6" conditionals="2" coveredconditionals="1" methods="0" coveredmethods="0"/>
        <line num="1" count="1" type="cond" truecount="1" falsecount="0"/>
        <line num="2" count="8" type="stmt"/>
        <line num="3" count="8" type="stmt"/>
        <line num="4" count="8" type="cond" truecount="0" falsecount="1"/>
        <line num="5" count="8" type="stmt"/>
        <line num="6" count="8" type="stmt"/>
      </file>
      <file name="guest.ts" path="/Users/vitormatos/work/02_personnel/colloquia-poc-2026/apps/web/app/middleware/guest.ts">
        <metrics statements="6" coveredstatements="6" conditionals="3" coveredconditionals="1" methods="0" coveredmethods="0"/>
        <line num="1" count="1" type="cond" truecount="1" falsecount="0"/>
        <line num="2" count="8" type="stmt"/>
        <line num="3" count="8" type="stmt"/>
        <line num="4" count="8" type="cond" truecount="0" falsecount="1"/>
        <line num="5" count="8" type="cond" truecount="0" falsecount="1"/>
        <line num="6" count="8" type="stmt"/>
      </file>
    </package>
  </project>
</coverage>
