{"/Users/vitormatos/work/02_personnel/colloquia-poc-2026/apps/web/app/composables/useAuth.ts": {"path":"/Users/vitormatos/work/02_personnel/colloquia-poc-2026/apps/web/app/composables/useAuth.ts","all":false,"statementMap":{"2":{"start":{"line":3,"column":0},"end":{"line":3,"column":27}},"3":{"start":{"line":4,"column":0},"end":{"line":4,"column":51}},"4":{"start":{"line":5,"column":0},"end":{"line":5,"column":18}},"5":{"start":{"line":6,"column":0},"end":{"line":6,"column":23}},"6":{"start":{"line":7,"column":0},"end":{"line":7,"column":21}},"7":{"start":{"line":8,"column":0},"end":{"line":8,"column":5}},"9":{"start":{"line":10,"column":0},"end":{"line":10,"column":67}},"11":{"start":{"line":12,"column":0},"end":{"line":12,"column":41}},"12":{"start":{"line":13,"column":0},"end":{"line":13,"column":43}},"13":{"start":{"line":14,"column":0},"end":{"line":14,"column":71}},"14":{"start":{"line":15,"column":0},"end":{"line":15,"column":35}},"15":{"start":{"line":16,"column":0},"end":{"line":16,"column":40}},"16":{"start":{"line":17,"column":0},"end":{"line":17,"column":77}},"17":{"start":{"line":18,"column":0},"end":{"line":18,"column":4}},"19":{"start":{"line":20,"column":0},"end":{"line":20,"column":83}},"20":{"start":{"line":21,"column":0},"end":{"line":21,"column":67}},"21":{"start":{"line":22,"column":0},"end":{"line":22,"column":21}},"22":{"start":{"line":23,"column":0},"end":{"line":23,"column":32}},"23":{"start":{"line":24,"column":0},"end":{"line":24,"column":6}},"24":{"start":{"line":25,"column":0},"end":{"line":25,"column":104}},"25":{"start":{"line":26,"column":0},"end":{"line":26,"column":15}},"26":{"start":{"line":27,"column":0},"end":{"line":27,"column":3}},"28":{"start":{"line":29,"column":0},"end":{"line":29,"column":80}},"29":{"start":{"line":30,"column":0},"end":{"line":30,"column":64}},"30":{"start":{"line":31,"column":0},"end":{"line":31,"column":21}},"31":{"start":{"line":32,"column":0},"end":{"line":32,"column":32}},"32":{"start":{"line":33,"column":0},"end":{"line":33,"column":6}},"33":{"start":{"line":34,"column":0},"end":{"line":34,"column":104}},"34":{"start":{"line":35,"column":0},"end":{"line":35,"column":15}},"35":{"start":{"line":36,"column":0},"end":{"line":36,"column":3}},"37":{"start":{"line":38,"column":0},"end":{"line":38,"column":42}},"38":{"start":{"line":39,"column":0},"end":{"line":39,"column":38}},"39":{"start":{"line":40,"column":0},"end":{"line":40,"column":21}},"40":{"start":{"line":41,"column":0},"end":{"line":41,"column":54}},"41":{"start":{"line":42,"column":0},"end":{"line":42,"column":6}},"42":{"start":{"line":43,"column":0},"end":{"line":43,"column":72}},"43":{"start":{"line":44,"column":0},"end":{"line":44,"column":3}},"45":{"start":{"line":46,"column":0},"end":{"line":46,"column":56}},"46":{"start":{"line":47,"column":0},"end":{"line":47,"column":66}},"47":{"start":{"line":48,"column":0},"end":{"line":48,"column":21}},"48":{"start":{"line":49,"column":0},"end":{"line":49,"column":6}},"49":{"start":{"line":50,"column":0},"end":{"line":50,"column":104}},"50":{"start":{"line":51,"column":0},"end":{"line":51,"column":15}},"51":{"start":{"line":52,"column":0},"end":{"line":52,"column":3}},"53":{"start":{"line":54,"column":0},"end":{"line":54,"column":53}},"54":{"start":{"line":55,"column":0},"end":{"line":55,"column":55}},"55":{"start":{"line":56,"column":0},"end":{"line":56,"column":70}},"56":{"start":{"line":57,"column":0},"end":{"line":57,"column":6}},"57":{"start":{"line":58,"column":0},"end":{"line":58,"column":3}},"59":{"start":{"line":60,"column":0},"end":{"line":60,"column":66}},"60":{"start":{"line":61,"column":0},"end":{"line":61,"column":67}},"61":{"start":{"line":62,"column":0},"end":{"line":62,"column":70}},"62":{"start":{"line":63,"column":0},"end":{"line":63,"column":6}},"63":{"start":{"line":64,"column":0},"end":{"line":64,"column":3}},"65":{"start":{"line":66,"column":0},"end":{"line":66,"column":10}},"66":{"start":{"line":67,"column":0},"end":{"line":67,"column":9}},"67":{"start":{"line":68,"column":0},"end":{"line":68,"column":20}},"68":{"start":{"line":69,"column":0},"end":{"line":69,"column":19}},"69":{"start":{"line":70,"column":0},"end":{"line":70,"column":13}},"70":{"start":{"line":71,"column":0},"end":{"line":71,"column":10}},"71":{"start":{"line":72,"column":0},"end":{"line":72,"column":11}},"72":{"start":{"line":73,"column":0},"end":{"line":73,"column":17}},"73":{"start":{"line":74,"column":0},"end":{"line":74,"column":15}},"74":{"start":{"line":75,"column":0},"end":{"line":75,"column":18}},"75":{"start":{"line":76,"column":0},"end":{"line":76,"column":3}},"76":{"start":{"line":77,"column":0},"end":{"line":77,"column":1}}},"s":{"2":1,"3":11,"4":1,"5":1,"6":1,"7":11,"9":11,"11":11,"12":4,"13":3,"14":4,"15":2,"16":4,"17":11,"19":11,"20":0,"21":0,"22":0,"23":0,"24":0,"25":0,"26":0,"28":11,"29":0,"30":0,"31":0,"32":0,"33":0,"34":0,"35":0,"37":11,"38":0,"39":0,"40":0,"41":0,"42":0,"43":0,"45":11,"46":1,"47":1,"48":1,"49":0,"50":0,"51":1,"53":11,"54":0,"55":0,"56":0,"57":0,"59":11,"60":0,"61":0,"62":0,"63":0,"65":11,"66":11,"67":11,"68":11,"69":11,"70":11,"71":11,"72":11,"73":11,"74":11,"75":11,"76":11},"branchMap":{"0":{"type":"branch","line":3,"loc":{"start":{"line":3,"column":7},"end":{"line":77,"column":1}},"locations":[{"start":{"line":3,"column":7},"end":{"line":77,"column":1}}]},"1":{"type":"branch","line":4,"loc":{"start":{"line":4,"column":43},"end":{"line":8,"column":4}},"locations":[{"start":{"line":4,"column":43},"end":{"line":8,"column":4}}]},"2":{"type":"branch","line":10,"loc":{"start":{"line":10,"column":35},"end":{"line":10,"column":66}},"locations":[{"start":{"line":10,"column":35},"end":{"line":10,"column":66}}]},"3":{"type":"branch","line":12,"loc":{"start":{"line":12,"column":34},"end":{"line":18,"column":3}},"locations":[{"start":{"line":12,"column":34},"end":{"line":18,"column":3}}]},"4":{"type":"branch","line":13,"loc":{"start":{"line":13,"column":32},"end":{"line":13,"column":43}},"locations":[{"start":{"line":13,"column":32},"end":{"line":13,"column":43}}]},"5":{"type":"branch","line":13,"loc":{"start":{"line":13,"column":39},"end":{"line":15,"column":26}},"locations":[{"start":{"line":13,"column":39},"end":{"line":15,"column":26}}]},"6":{"type":"branch","line":15,"loc":{"start":{"line":15,"column":19},"end":{"line":15,"column":35}},"locations":[{"start":{"line":15,"column":19},"end":{"line":15,"column":35}}]},"7":{"type":"branch","line":15,"loc":{"start":{"line":15,"column":26},"end":{"line":17,"column":23}},"locations":[{"start":{"line":15,"column":26},"end":{"line":17,"column":23}}]},"8":{"type":"branch","line":17,"loc":{"start":{"line":17,"column":18},"end":{"line":17,"column":36}},"locations":[{"start":{"line":17,"column":18},"end":{"line":17,"column":36}}]},"9":{"type":"branch","line":17,"loc":{"start":{"line":17,"column":30},"end":{"line":17,"column":77}},"locations":[{"start":{"line":17,"column":30},"end":{"line":17,"column":77}}]},"10":{"type":"branch","line":46,"loc":{"start":{"line":46,"column":2},"end":{"line":52,"column":3}},"locations":[{"start":{"line":46,"column":2},"end":{"line":52,"column":3}}]},"11":{"type":"branch","line":49,"loc":{"start":{"line":49,"column":5},"end":{"line":51,"column":15}},"locations":[{"start":{"line":49,"column":5},"end":{"line":51,"column":15}}]}},"b":{"0":[11],"1":[1],"2":[6],"3":[4],"4":[1],"5":[3],"6":[1],"7":[2],"8":[1],"9":[1],"10":[1],"11":[0]},"fnMap":{"0":{"name":"useAuth","decl":{"start":{"line":3,"column":7},"end":{"line":77,"column":1}},"loc":{"start":{"line":3,"column":7},"end":{"line":77,"column":1}},"line":3},"1":{"name":"register","decl":{"start":{"line":20,"column":2},"end":{"line":27,"column":3}},"loc":{"start":{"line":20,"column":2},"end":{"line":27,"column":3}},"line":20},"2":{"name":"login","decl":{"start":{"line":29,"column":2},"end":{"line":36,"column":3}},"loc":{"start":{"line":29,"column":2},"end":{"line":36,"column":3}},"line":29},"3":{"name":"logout","decl":{"start":{"line":38,"column":2},"end":{"line":44,"column":3}},"loc":{"start":{"line":38,"column":2},"end":{"line":44,"column":3}},"line":38},"4":{"name":"refreshToken","decl":{"start":{"line":46,"column":2},"end":{"line":52,"column":3}},"loc":{"start":{"line":46,"column":2},"end":{"line":52,"column":3}},"line":46},"5":{"name":"getProfile","decl":{"start":{"line":54,"column":2},"end":{"line":58,"column":3}},"loc":{"start":{"line":54,"column":2},"end":{"line":58,"column":3}},"line":54},"6":{"name":"validateToken","decl":{"start":{"line":60,"column":2},"end":{"line":64,"column":3}},"loc":{"start":{"line":60,"column":2},"end":{"line":64,"column":3}},"line":60}},"f":{"0":11,"1":0,"2":0,"3":0,"4":1,"5":0,"6":0}}
,"/Users/vitormatos/work/02_personnel/colloquia-poc-2026/apps/web/app/composables/useAuthFetch.ts": {"path":"/Users/vitormatos/work/02_personnel/colloquia-poc-2026/apps/web/app/composables/useAuthFetch.ts","all":false,"statementMap":{"0":{"start":{"line":1,"column":0},"end":{"line":1,"column":32}},"1":{"start":{"line":2,"column":0},"end":{"line":2,"column":42}},"3":{"start":{"line":4,"column":0},"end":{"line":4,"column":97}},"4":{"start":{"line":5,"column":0},"end":{"line":5,"column":25}},"5":{"start":{"line":6,"column":0},"end":{"line":6,"column":22}},"6":{"start":{"line":7,"column":0},"end":{"line":7,"column":16}},"7":{"start":{"line":8,"column":0},"end":{"line":8,"column":18}},"8":{"start":{"line":9,"column":0},"end":{"line":9,"column":26}},"9":{"start":{"line":10,"column":0},"end":{"line":10,"column":61}},"10":{"start":{"line":11,"column":0},"end":{"line":11,"column":10}},"11":{"start":{"line":12,"column":0},"end":{"line":12,"column":22}},"13":{"start":{"line":14,"column":0},"end":{"line":14,"column":9}},"14":{"start":{"line":15,"column":0},"end":{"line":15,"column":28}},"15":{"start":{"line":16,"column":0},"end":{"line":16,"column":22}},"16":{"start":{"line":17,"column":0},"end":{"line":17,"column":40}},"17":{"start":{"line":18,"column":0},"end":{"line":18,"column":13}},"18":{"start":{"line":19,"column":0},"end":{"line":19,"column":30}},"19":{"start":{"line":20,"column":0},"end":{"line":20,"column":32}},"20":{"start":{"line":21,"column":0},"end":{"line":21,"column":17}},"21":{"start":{"line":22,"column":0},"end":{"line":22,"column":78}},"22":{"start":{"line":23,"column":0},"end":{"line":23,"column":17}},"23":{"start":{"line":24,"column":0},"end":{"line":24,"column":9}},"24":{"start":{"line":25,"column":0},"end":{"line":25,"column":7}},"25":{"start":{"line":26,"column":0},"end":{"line":26,"column":13}},"26":{"start":{"line":27,"column":0},"end":{"line":27,"column":5}},"27":{"start":{"line":28,"column":0},"end":{"line":28,"column":3}},"29":{"start":{"line":30,"column":0},"end":{"line":30,"column":22}},"30":{"start":{"line":31,"column":0},"end":{"line":31,"column":1}}},"s":{"0":1,"1":0,"3":0,"4":0,"5":0,"6":0,"7":0,"8":0,"9":0,"10":0,"11":0,"13":0,"14":0,"15":0,"16":0,"17":0,"18":0,"19":0,"20":0,"21":0,"22":0,"23":0,"24":0,"25":0,"26":0,"27":0,"29":0,"30":0},"branchMap":{},"b":{},"fnMap":{"0":{"name":"useAuthFetch","decl":{"start":{"line":1,"column":7},"end":{"line":31,"column":1}},"loc":{"start":{"line":1,"column":7},"end":{"line":31,"column":1}},"line":1}},"f":{"0":0}}
,"/Users/vitormatos/work/02_personnel/colloquia-poc-2026/apps/web/app/composables/useChannels.ts": {"path":"/Users/vitormatos/work/02_personnel/colloquia-poc-2026/apps/web/app/composables/useChannels.ts","all":false,"statementMap":{"2":{"start":{"line":3,"column":0},"end":{"line":3,"column":31}},"3":{"start":{"line":4,"column":0},"end":{"line":4,"column":38}},"4":{"start":{"line":5,"column":0},"end":{"line":5,"column":60}},"6":{"start":{"line":7,"column":0},"end":{"line":7,"column":51}},"7":{"start":{"line":8,"column":0},"end":{"line":8,"column":64}},"8":{"start":{"line":9,"column":0},"end":{"line":9,"column":3}},"10":{"start":{"line":11,"column":0},"end":{"line":11,"column":77}},"11":{"start":{"line":12,"column":0},"end":{"line":12,"column":58}},"12":{"start":{"line":13,"column":0},"end":{"line":13,"column":21}},"13":{"start":{"line":14,"column":0},"end":{"line":14,"column":18}},"14":{"start":{"line":15,"column":0},"end":{"line":15,"column":6}},"15":{"start":{"line":16,"column":0},"end":{"line":16,"column":44}},"16":{"start":{"line":17,"column":0},"end":{"line":17,"column":13}},"17":{"start":{"line":18,"column":0},"end":{"line":18,"column":3}},"19":{"start":{"line":20,"column":0},"end":{"line":20,"column":66}},"20":{"start":{"line":21,"column":0},"end":{"line":21,"column":61}},"21":{"start":{"line":22,"column":0},"end":{"line":22,"column":21}},"22":{"start":{"line":23,"column":0},"end":{"line":23,"column":43}},"23":{"start":{"line":24,"column":0},"end":{"line":24,"column":6}},"24":{"start":{"line":25,"column":0},"end":{"line":25,"column":52}},"25":{"start":{"line":26,"column":0},"end":{"line":26,"column":46}},"26":{"start":{"line":27,"column":0},"end":{"line":27,"column":5}},"27":{"start":{"line":28,"column":0},"end":{"line":28,"column":13}},"28":{"start":{"line":29,"column":0},"end":{"line":29,"column":3}},"30":{"start":{"line":31,"column":0},"end":{"line":31,"column":59}},"31":{"start":{"line":32,"column":0},"end":{"line":32,"column":64}},"32":{"start":{"line":33,"column":0},"end":{"line":33,"column":62}},"33":{"start":{"line":34,"column":0},"end":{"line":34,"column":3}},"35":{"start":{"line":36,"column":0},"end":{"line":36,"column":61}},"36":{"start":{"line":37,"column":0},"end":{"line":37,"column":58}},"37":{"start":{"line":38,"column":0},"end":{"line":38,"column":3}},"39":{"start":{"line":40,"column":0},"end":{"line":40,"column":76}},"40":{"start":{"line":41,"column":0},"end":{"line":41,"column":81}},"41":{"start":{"line":42,"column":0},"end":{"line":42,"column":3}},"43":{"start":{"line":44,"column":0},"end":{"line":44,"column":94}},"44":{"start":{"line":45,"column":0},"end":{"line":45,"column":81}},"45":{"start":{"line":46,"column":0},"end":{"line":46,"column":21}},"46":{"start":{"line":47,"column":0},"end":{"line":47,"column":18}},"47":{"start":{"line":48,"column":0},"end":{"line":48,"column":6}},"48":{"start":{"line":49,"column":0},"end":{"line":49,"column":3}},"50":{"start":{"line":51,"column":0},"end":{"line":51,"column":81}},"51":{"start":{"line":52,"column":0},"end":{"line":52,"column":89}},"52":{"start":{"line":53,"column":0},"end":{"line":53,"column":3}},"54":{"start":{"line":55,"column":0},"end":{"line":55,"column":10}},"55":{"start":{"line":56,"column":0},"end":{"line":56,"column":13}},"56":{"start":{"line":57,"column":0},"end":{"line":57,"column":20}},"57":{"start":{"line":58,"column":0},"end":{"line":58,"column":18}},"58":{"start":{"line":59,"column":0},"end":{"line":59,"column":13}},"59":{"start":{"line":60,"column":0},"end":{"line":60,"column":18}},"60":{"start":{"line":61,"column":0},"end":{"line":61,"column":17}},"61":{"start":{"line":62,"column":0},"end":{"line":62,"column":17}},"62":{"start":{"line":63,"column":0},"end":{"line":63,"column":14}},"63":{"start":{"line":64,"column":0},"end":{"line":64,"column":17}},"64":{"start":{"line":65,"column":0},"end":{"line":65,"column":3}},"65":{"start":{"line":66,"column":0},"end":{"line":66,"column":1}}},"s":{"2":1,"3":0,"4":0,"6":0,"7":0,"8":0,"10":0,"11":0,"12":0,"13":0,"14":0,"15":0,"16":0,"17":0,"19":0,"20":0,"21":0,"22":0,"23":0,"24":0,"25":0,"26":0,"27":0,"28":0,"30":0,"31":0,"32":0,"33":0,"35":0,"36":0,"37":0,"39":0,"40":0,"41":0,"43":0,"44":0,"45":0,"46":0,"47":0,"48":0,"50":0,"51":0,"52":0,"54":0,"55":0,"56":0,"57":0,"58":0,"59":0,"60":0,"61":0,"62":0,"63":0,"64":0,"65":0},"branchMap":{},"b":{},"fnMap":{"0":{"name":"useChannels","decl":{"start":{"line":3,"column":7},"end":{"line":66,"column":1}},"loc":{"start":{"line":3,"column":7},"end":{"line":66,"column":1}},"line":3}},"f":{"0":0}}
,"/Users/vitormatos/work/02_personnel/colloquia-poc-2026/apps/web/app/composables/useNotifications.ts": {"path":"/Users/vitormatos/work/02_personnel/colloquia-poc-2026/apps/web/app/composables/useNotifications.ts","all":false,"statementMap":{"10":{"start":{"line":11,"column":0},"end":{"line":11,"column":36}},"11":{"start":{"line":12,"column":0},"end":{"line":12,"column":78}},"13":{"start":{"line":14,"column":0},"end":{"line":14,"column":36}},"14":{"start":{"line":15,"column":0},"end":{"line":15,"column":95}},"15":{"start":{"line":16,"column":0},"end":{"line":16,"column":3}},"17":{"start":{"line":18,"column":0},"end":{"line":18,"column":69}},"18":{"start":{"line":19,"column":0},"end":{"line":19,"column":70}},"19":{"start":{"line":20,"column":0},"end":{"line":20,"column":3}},"21":{"start":{"line":22,"column":0},"end":{"line":22,"column":26}},"22":{"start":{"line":23,"column":0},"end":{"line":23,"column":78}},"23":{"start":{"line":24,"column":0},"end":{"line":24,"column":3}},"25":{"start":{"line":26,"column":0},"end":{"line":26,"column":33}},"26":{"start":{"line":27,"column":0},"end":{"line":27,"column":56}},"27":{"start":{"line":28,"column":0},"end":{"line":28,"column":24}},"28":{"start":{"line":29,"column":0},"end":{"line":29,"column":3}},"30":{"start":{"line":31,"column":0},"end":{"line":31,"column":47}},"31":{"start":{"line":32,"column":0},"end":{"line":32,"column":54}},"32":{"start":{"line":33,"column":0},"end":{"line":33,"column":58}},"33":{"start":{"line":34,"column":0},"end":{"line":34,"column":5}},"34":{"start":{"line":35,"column":0},"end":{"line":35,"column":3}},"36":{"start":{"line":37,"column":0},"end":{"line":37,"column":96}},"37":{"start":{"line":38,"column":0},"end":{"line":38,"column":1}}},"s":{"10":1,"11":0,"13":0,"14":0,"15":0,"17":0,"18":0,"19":0,"21":0,"22":0,"23":0,"25":0,"26":0,"27":0,"28":0,"30":0,"31":0,"32":0,"33":0,"34":0,"36":0,"37":0},"branchMap":{},"b":{},"fnMap":{"0":{"name":"useNotifications","decl":{"start":{"line":11,"column":7},"end":{"line":38,"column":1}},"loc":{"start":{"line":11,"column":7},"end":{"line":38,"column":1}},"line":11}},"f":{"0":0}}
,"/Users/vitormatos/work/02_personnel/colloquia-poc-2026/apps/web/app/middleware/auth.ts": {"path":"/Users/vitormatos/work/02_personnel/colloquia-poc-2026/apps/web/app/middleware/auth.ts","all":false,"statementMap":{"0":{"start":{"line":1,"column":0},"end":{"line":1,"column":48}},"1":{"start":{"line":2,"column":0},"end":{"line":2,"column":63}},"2":{"start":{"line":3,"column":0},"end":{"line":3,"column":39}},"3":{"start":{"line":4,"column":0},"end":{"line":4,"column":30}},"4":{"start":{"line":5,"column":0},"end":{"line":5,"column":57}},"5":{"start":{"line":6,"column":0},"end":{"line":6,"column":2}}},"s":{"0":1,"1":1,"2":1,"3":1,"4":1,"5":1},"branchMap":{"0":{"type":"branch","line":1,"loc":{"start":{"line":1,"column":41},"end":{"line":6,"column":2}},"locations":[{"start":{"line":1,"column":41},"end":{"line":6,"column":2}}]},"1":{"type":"branch","line":4,"loc":{"start":{"line":4,"column":24},"end":{"line":4,"column":30}},"locations":[{"start":{"line":4,"column":24},"end":{"line":4,"column":30}}]}},"b":{"0":[1],"1":[0]},"fnMap":{},"f":{}}
,"/Users/vitormatos/work/02_personnel/colloquia-poc-2026/apps/web/app/middleware/guest.ts": {"path":"/Users/vitormatos/work/02_personnel/colloquia-poc-2026/apps/web/app/middleware/guest.ts","all":false,"statementMap":{"0":{"start":{"line":1,"column":0},"end":{"line":1,"column":48}},"1":{"start":{"line":2,"column":0},"end":{"line":2,"column":63}},"2":{"start":{"line":3,"column":0},"end":{"line":3,"column":39}},"3":{"start":{"line":4,"column":0},"end":{"line":4,"column":30}},"4":{"start":{"line":5,"column":0},"end":{"line":5,"column":51}},"5":{"start":{"line":6,"column":0},"end":{"line":6,"column":2}}},"s":{"0":1,"1":1,"2":1,"3":1,"4":1,"5":1},"branchMap":{"0":{"type":"branch","line":1,"loc":{"start":{"line":1,"column":41},"end":{"line":6,"column":2}},"locations":[{"start":{"line":1,"column":41},"end":{"line":6,"column":2}}]},"1":{"type":"branch","line":4,"loc":{"start":{"line":4,"column":24},"end":{"line":4,"column":30}},"locations":[{"start":{"line":4,"column":24},"end":{"line":4,"column":30}}]},"2":{"type":"branch","line":5,"loc":{"start":{"line":5,"column":29},"end":{"line":5,"column":51}},"locations":[{"start":{"line":5,"column":29},"end":{"line":5,"column":51}}]}},"b":{"0":[1],"1":[0],"2":[0]},"fnMap":{},"f":{}}
}
